appender.file.layout.pattern=[DEBUG] 2019-07-31 21:17:03.287 [main] LoggerHelp - This is a debug message
appender.file.layout.pattern=[INFO ] 2019-07-31 21:17:03.290 [main] LoggerHelp - This is an info message
appender.file.layout.pattern=[WARN ] 2019-07-31 21:17:03.290 [main] LoggerHelp - This is a warn message
appender.file.layout.pattern=[ERROR] 2019-07-31 21:17:03.291 [main] LoggerHelp - This is an error message
appender.file.layout.pattern=[FATAL] 2019-07-31 21:17:03.291 [main] LoggerHelp - This is a fatal message
appender.file.layout.pattern=[DEBUG] 2019-07-31 21:18:30.666 [main] LoggerHelp - This is a debug message
appender.file.layout.pattern=[INFO ] 2019-07-31 21:18:30.669 [main] LoggerHelp - This is an info message
appender.file.layout.pattern=[WARN ] 2019-07-31 21:18:30.672 [main] LoggerHelp - This is a warn message
appender.file.layout.pattern=[ERROR] 2019-07-31 21:18:30.672 [main] LoggerHelp - This is an error message
appender.file.layout.pattern=[FATAL] 2019-07-31 21:18:30.672 [main] LoggerHelp - This is a fatal message
appender.file.layout.pattern=[DEBUG] 2019-07-31 21:20:21.369 [main] LoggerHelp - This is a debug message
appender.file.layout.pattern=[INFO ] 2019-07-31 21:20:21.372 [main] LoggerHelp - This is an info message
appender.file.layout.pattern=[WARN ] 2019-07-31 21:20:21.372 [main] LoggerHelp - This is a warn message
appender.file.layout.pattern=[ERROR] 2019-07-31 21:20:21.372 [main] LoggerHelp - This is an error message
appender.file.layout.pattern=[FATAL] 2019-07-31 21:20:21.372 [main] LoggerHelp - This is a fatal message
appender.file.layout.pattern=[WARN ] 2019-07-31 21:20:57.892 [main] LoggerHelp - This is a warn message
appender.file.layout.pattern=[ERROR] 2019-07-31 21:20:57.894 [main] LoggerHelp - This is an error message
appender.file.layout.pattern=[FATAL] 2019-07-31 21:20:57.894 [main] LoggerHelp - This is a fatal message
appender.file.layout.pattern=[INFO ] 2019-07-31 21:21:23.111 [main] LoggerHelp - This is an info message
appender.file.layout.pattern=[WARN ] 2019-07-31 21:21:23.114 [main] LoggerHelp - This is a warn message
appender.file.layout.pattern=[ERROR] 2019-07-31 21:21:23.114 [main] LoggerHelp - This is an error message
appender.file.layout.pattern=[FATAL] 2019-07-31 21:21:23.115 [main] LoggerHelp - This is a fatal message
appender.file.layout.pattern=[DEBUG] 2019-07-31 21:21:40.825 [main] LoggerHelp - This is a debug message
appender.file.layout.pattern=[INFO ] 2019-07-31 21:21:40.828 [main] LoggerHelp - This is an info message
appender.file.layout.pattern=[WARN ] 2019-07-31 21:21:40.828 [main] LoggerHelp - This is a warn message
appender.file.layout.pattern=[ERROR] 2019-07-31 21:21:40.828 [main] LoggerHelp - This is an error message
appender.file.layout.pattern=[FATAL] 2019-07-31 21:21:40.829 [main] LoggerHelp - This is a fatal message
appender.file.layout.pattern=[INFO ] 2019-07-31 21:22:05.335 [main] LoggerHelp - This is an info message
appender.file.layout.pattern=[WARN ] 2019-07-31 21:22:05.338 [main] LoggerHelp - This is a warn message
appender.file.layout.pattern=[ERROR] 2019-07-31 21:22:05.338 [main] LoggerHelp - This is an error message
appender.file.layout.pattern=[FATAL] 2019-07-31 21:22:05.338 [main] LoggerHelp - This is a fatal message
appender.file.layout.pattern=[INFO ] 2019-07-31 21:22:17.234 [main] LoggerHelp - This is an info message
appender.file.layout.pattern=[WARN ] 2019-07-31 21:22:17.237 [main] LoggerHelp - This is a warn message
appender.file.layout.pattern=[ERROR] 2019-07-31 21:22:17.237 [main] LoggerHelp - This is an error message
appender.file.layout.pattern=[FATAL] 2019-07-31 21:22:17.237 [main] LoggerHelp - This is a fatal message
appender.file.layout.pattern=[INFO ] 2019-07-31 21:24:46.869 [main] LoggerHelp - This is an info message
appender.file.layout.pattern=[WARN ] 2019-07-31 21:24:46.872 [main] LoggerHelp - This is a warn message
appender.file.layout.pattern=[ERROR] 2019-07-31 21:24:46.872 [main] LoggerHelp - This is an error message
appender.file.layout.pattern=[FATAL] 2019-07-31 21:24:46.872 [main] LoggerHelp - This is a fatal message
appender.file.layout.pattern=[INFO ] 2019-07-31 21:28:59.882 [main] LoggerHelp - This is an info message
appender.file.layout.pattern=[WARN ] 2019-07-31 21:28:59.885 [main] LoggerHelp - This is a warn message
appender.file.layout.pattern=[ERROR] 2019-07-31 21:28:59.885 [main] LoggerHelp - This is annnn error message
appender.file.layout.pattern=[FATAL] 2019-07-31 21:28:59.885 [main] LoggerHelp - This is a fatal message
appender.file.layout.pattern=[INFO ] 2019-08-01 19:53:36.606 [main] LoggerHelp - This is an info message
appender.file.layout.pattern=[WARN ] 2019-08-01 19:53:36.612 [main] LoggerHelp - This is a warn message
appender.file.layout.pattern=[ERROR] 2019-08-01 19:53:36.612 [main] LoggerHelp - This is annnn error message
appender.file.layout.pattern=[FATAL] 2019-08-01 19:53:36.613 [main] LoggerHelp - This is a fatal message
appender.file.layout.pattern=[INFO ] 2019-08-06 16:09:18.327 [main] LoggerHelp - This is an info message
appender.file.layout.pattern=[WARN ] 2019-08-06 16:09:18.331 [main] LoggerHelp - This is a warn message
appender.file.layout.pattern=[ERROR] 2019-08-06 16:09:18.331 [main] LoggerHelp - This is annnn error message
appender.file.layout.pattern=[FATAL] 2019-08-06 16:09:18.331 [main] LoggerHelp - This is a fatal message
